2026.04.03 08:49:51 INFO  Started: Metals version 1.6.6 in folders 'C:\Users\grigo\study\ITMO-TPO\TPO_LAB2' for client Visual Studio Code 1.112.0.
2026.04.03 08:49:51 INFO  Memory monitor started
2026.04.03 08:49:54 WARN  Using H2 2.4.240 which is newer than the version Flyway has been verified with. The latest verified version of H2 is 2.3.232.
2026.04.03 08:49:55 INFO  no build target found for C:\Users\grigo\study\ITMO-TPO\TPO_LAB2\src\test\java\org\example\FunctionSystemUnitTest.java. Using fallback presentation compiler.
2026.04.03 08:49:57 INFO  no build target found for C:\Users\grigo\study\ITMO-TPO\TPO_LAB2\src\test\java\org\example\FunctionSystemUnitTest.java. Using fallback presentation compiler.
Apr 03, 2026 8:49:57 AM org.eclipse.lsp4j.jsonrpc.RemoteEndpoint handleCancellation
WARNING: Unmatched cancel notification for request id 4
Apr 03, 2026 8:49:57 AM org.eclipse.lsp4j.jsonrpc.RemoteEndpoint handleCancellation
WARNING: Unmatched cancel notification for request id 2
Apr 03, 2026 8:49:57 AM org.eclipse.lsp4j.jsonrpc.RemoteEndpoint handleCancellation
WARNING: Unmatched cancel notification for request id 7
Apr 03, 2026 8:49:57 AM org.eclipse.lsp4j.jsonrpc.RemoteEndpoint handleCancellation
WARNING: Unmatched cancel notification for request id 1
Apr 03, 2026 8:49:57 AM org.eclipse.lsp4j.jsonrpc.RemoteEndpoint handleCancellation
WARNING: Unmatched cancel notification for request id 6
2026.04.03 08:49:57 INFO  no build target found for C:\Users\grigo\study\ITMO-TPO\TPO_LAB2\src\test\java\org\example\FunctionSystemUnitTest.java. Using fallback presentation compiler.
2026.04.03 08:49:57 INFO  no build target found for C:\Users\grigo\study\ITMO-TPO\TPO_LAB2\src\test\java\org\example\FunctionSystemIntegrationTest.java. Using fallback presentation compiler.
Apr 03, 2026 8:49:57 AM org.eclipse.lsp4j.jsonrpc.RemoteEndpoint handleCancellation
WARNING: Unmatched cancel notification for request id 8
2026.04.03 08:49:57 INFO  no build target found for C:\Users\grigo\study\ITMO-TPO\TPO_LAB2\src\test\java\org\example\FunctionSystemIntegrationTest.java. Using fallback presentation compiler.
2026.04.03 08:49:57 INFO  no build target found for C:\Users\grigo\study\ITMO-TPO\TPO_LAB2\src\test\java\org\example\FunctionSystemIntegrationTest.java. Using fallback presentation compiler.
2026.04.03 08:49:57 INFO  no build target found for C:\Users\grigo\study\ITMO-TPO\TPO_LAB2\src\test\java\org\example\FunctionSystemIntegrationTest.java. Using fallback presentation compiler.
2026.04.03 08:49:58 INFO  no build target found for C:\Users\grigo\study\ITMO-TPO\TPO_LAB2\src\test\java\org\example\FunctionSystemIntegrationTest.java. Using fallback presentation compiler.
2026.04.03 08:50:08 INFO  no build target found for C:\Users\grigo\study\ITMO-TPO\TPO_LAB2\src\test\java\org\example\FunctionSystemIntegrationTest.java. Using fallback presentation compiler.
2026.04.03 08:50:08 INFO  no build target found for C:\Users\grigo\study\ITMO-TPO\TPO_LAB2\src\test\java\org\example\FunctionSystemIntegrationTest.java. Using fallback presentation compiler.
2026.04.03 08:50:08 INFO  no build target found for C:\Users\grigo\study\ITMO-TPO\TPO_LAB2\src\test\java\org\example\FunctionSystemIntegrationTest.java. Using fallback presentation compiler.
2026.04.03 08:50:08 INFO  no build target found for C:\Users\grigo\study\ITMO-TPO\TPO_LAB2\src\test\java\org\example\FunctionSystemIntegrationTest.java. Using fallback presentation compiler.
Apr 03, 2026 8:50:08 AM org.eclipse.lsp4j.jsonrpc.RemoteEndpoint handleCancellation
WARNING: Unmatched cancel notification for request id 19
Apr 03, 2026 8:50:08 AM org.eclipse.lsp4j.jsonrpc.RemoteEndpoint handleCancellation
WARNING: Unmatched cancel notification for request id 21
2026.04.03 08:50:11 INFO  no build target found for C:\Users\grigo\study\ITMO-TPO\TPO_LAB2\src\test\java\org\example\FunctionSystemIntegrationTest.java. Using fallback presentation compiler.
2026.04.03 08:50:14 INFO  no build target found for C:\Users\grigo\study\ITMO-TPO\TPO_LAB2\src\test\java\org\example\FunctionSystemIntegrationTest.java. Using fallback presentation compiler.
2026.04.03 08:50:17 INFO  no build target found for C:\Users\grigo\study\ITMO-TPO\TPO_LAB2\src\test\java\org\example\FunctionSystemIntegrationTest.java. Using fallback presentation compiler.
2026.04.03 08:50:21 INFO  no build target found for C:\Users\grigo\study\ITMO-TPO\TPO_LAB2\src\test\java\org\example\FunctionSystemIntegrationTest.java. Using fallback presentation compiler.
2026.04.03 08:50:21 INFO  no build target found for C:\Users\grigo\study\ITMO-TPO\TPO_LAB2\src\test\java\org\example\FunctionSystemIntegrationTest.java. Using fallback presentation compiler.
2026.04.03 10:21:54 INFO  Shutting down server
2026.04.03 10:21:54 INFO  Memory monitor stopped
2026.04.03 10:21:54 INFO  shutting down Metals
2026.04.03 10:21:54 INFO  Exiting server
2026.04.03 10:21:54 ERROR Unexpected error initializing server: 
org.eclipse.lsp4j.jsonrpc.ResponseErrorException: Request window/showMessageRequest failed with message: Canceled
	at org.eclipse.lsp4j.jsonrpc.RemoteEndpoint.handleResponse(RemoteEndpoint.java:214)
	at org.eclipse.lsp4j.jsonrpc.RemoteEndpoint.consume(RemoteEndpoint.java:198)
	at org.eclipse.lsp4j.jsonrpc.json.StreamMessageProducer.handleMessage(StreamMessageProducer.java:189)
	at org.eclipse.lsp4j.jsonrpc.json.StreamMessageProducer.listen(StreamMessageProducer.java:97)
	at org.eclipse.lsp4j.jsonrpc.json.ConcurrentMessageProcessor.run(ConcurrentMessageProcessor.java:97)
	at java.util.concurrent.Executors$RunnableAdapter.call(Executors.java:572)
	at java.util.concurrent.FutureTask.run(FutureTask.java:317)
	at java.util.concurrent.ThreadPoolExecutor.runWorker(ThreadPoolExecutor.java:1144)
	at java.util.concurrent.ThreadPoolExecutor$Worker.run(ThreadPoolExecutor.java:642)
	at java.lang.Thread.run(Thread.java:1583)

2026.04.16 23:50:07 INFO  Started: Metals version 1.6.6 in folders 'C:\Users\grigo\study\ITMO-TPO\TPO_LAB2' for client Visual Studio Code 1.114.0.
2026.04.16 23:50:07 INFO  Memory monitor started
2026.04.16 23:50:09 WARN  Using H2 2.4.240 which is newer than the version Flyway has been verified with. The latest verified version of H2 is 2.3.232.
Apr 16, 2026 11:50:15 PM org.eclipse.lsp4j.jsonrpc.services.GenericEndpoint notify
INFO: Unsupported notification method: $/setTrace
Apr 16, 2026 11:50:15 PM org.eclipse.lsp4j.jsonrpc.services.GenericEndpoint notify
INFO: Unsupported notification method: $/setTrace
Apr 16, 2026 11:50:15 PM org.eclipse.lsp4j.jsonrpc.services.GenericEndpoint notify
INFO: Unsupported notification method: $/setTrace
Apr 16, 2026 11:50:18 PM org.eclipse.lsp4j.jsonrpc.services.GenericEndpoint notify
INFO: Unsupported notification method: $/setTrace
2026.04.16 23:50:18 INFO  no build target found for C:\Users\grigo\study\ITMO-TPO\TPO_LAB2\src\test\java\org\example\FunctionSystemIntegrationTest.java. Using fallback presentation compiler.
2026.04.16 23:50:20 WARN  no build target for: C:\Users\grigo\study\ITMO-TPO\TPO_LAB2\src\test\java\org\example\FunctionSystemIntegrationTest.java
2026.04.16 23:50:20 INFO  no build target found for C:\Users\grigo\study\ITMO-TPO\TPO_LAB2\src\test\java\org\example\FunctionSystemIntegrationTest.java. Using fallback presentation compiler.
2026.04.16 23:50:22 INFO  no build target found for C:\Users\grigo\study\ITMO-TPO\TPO_LAB2\src\test\java\org\example\FunctionSystemIntegrationTest.java. Using fallback presentation compiler.
2026.04.16 23:50:22 INFO  no build target found for C:\Users\grigo\study\ITMO-TPO\TPO_LAB2\src\test\java\org\example\FunctionSystemIntegrationTest.java. Using fallback presentation compiler.
2026.04.16 23:50:23 INFO  no build target found for C:\Users\grigo\study\ITMO-TPO\TPO_LAB2\src\test\java\org\example\FunctionSystemIntegrationTest.java. Using fallback presentation compiler.
Apr 16, 2026 11:50:23 PM org.eclipse.lsp4j.jsonrpc.RemoteEndpoint handleCancellation
WARNING: Unmatched cancel notification for request id 5
Apr 16, 2026 11:50:23 PM org.eclipse.lsp4j.jsonrpc.RemoteEndpoint handleCancellation
WARNING: Unmatched cancel notification for request id 7
Apr 16, 2026 11:50:23 PM org.eclipse.lsp4j.jsonrpc.services.GenericEndpoint notify
INFO: Unsupported notification method: $/setTrace
Apr 16, 2026 11:50:23 PM org.eclipse.lsp4j.jsonrpc.RemoteEndpoint handleCancellation
WARNING: Unmatched cancel notification for request id 10
Apr 16, 2026 11:50:23 PM org.eclipse.lsp4j.jsonrpc.RemoteEndpoint handleCancellation
WARNING: Unmatched cancel notification for request id 9
2026.04.16 23:50:22 INFO  no build target found for C:\Users\grigo\study\ITMO-TPO\TPO_LAB2\src\test\java\org\example\FunctionSystemIntegrationTest.java. Using fallback presentation compiler.
2026.04.16 23:50:25 INFO  no build target found for C:\Users\grigo\study\ITMO-TPO\TPO_LAB2\src\test\java\org\example\FunctionSystemIntegrationTest.java. Using fallback presentation compiler.
2026.04.16 23:50:25 INFO  Shutting down server
2026.04.16 23:50:25 INFO  Memory monitor stopped
2026.04.16 23:50:25 INFO  shutting down Metals
2026.04.16 23:50:26 ERROR Unexpected error initializing server: 
org.eclipse.lsp4j.jsonrpc.ResponseErrorException: Request window/showMessageRequest failed with message: Canceled
	at org.eclipse.lsp4j.jsonrpc.RemoteEndpoint.handleResponse(RemoteEndpoint.java:214)
	at org.eclipse.lsp4j.jsonrpc.RemoteEndpoint.consume(RemoteEndpoint.java:198)
	at org.eclipse.lsp4j.jsonrpc.json.StreamMessageProducer.handleMessage(StreamMessageProducer.java:189)
	at org.eclipse.lsp4j.jsonrpc.json.StreamMessageProducer.listen(StreamMessageProducer.java:97)
	at org.eclipse.lsp4j.jsonrpc.json.ConcurrentMessageProcessor.run(ConcurrentMessageProcessor.java:97)
	at java.util.concurrent.Executors$RunnableAdapter.call(Executors.java:572)
	at java.util.concurrent.FutureTask.run(FutureTask.java:317)
	at java.util.concurrent.ThreadPoolExecutor.runWorker(ThreadPoolExecutor.java:1144)
	at java.util.concurrent.ThreadPoolExecutor$Worker.run(ThreadPoolExecutor.java:642)
	at java.lang.Thread.run(Thread.java:1583)

2026.04.16 23:50:25 INFO  Exiting server
